0 info it worked if it ends with ok
1 verbose cli [ '/usr/bin/nodejs', '/usr/bin/npm', 'install', 'angular@1.2.16' ]
2 info using npm@1.3.10
3 info using node@v0.10.25
4 verbose cache add [ 'angular@1.2.16', null ]
5 verbose cache add name=undefined spec="angular@1.2.16" args=["angular@1.2.16",null]
6 verbose parsed url { protocol: null,
6 verbose parsed url   slashes: null,
6 verbose parsed url   auth: null,
6 verbose parsed url   host: null,
6 verbose parsed url   port: null,
6 verbose parsed url   hostname: null,
6 verbose parsed url   hash: null,
6 verbose parsed url   search: null,
6 verbose parsed url   query: null,
6 verbose parsed url   pathname: 'angular@1.2.16',
6 verbose parsed url   path: 'angular@1.2.16',
6 verbose parsed url   href: 'angular@1.2.16' }
7 verbose cache add name="angular" spec="1.2.16" args=["angular","1.2.16"]
8 verbose parsed url { protocol: null,
8 verbose parsed url   slashes: null,
8 verbose parsed url   auth: null,
8 verbose parsed url   host: null,
8 verbose parsed url   port: null,
8 verbose parsed url   hostname: null,
8 verbose parsed url   hash: null,
8 verbose parsed url   search: null,
8 verbose parsed url   query: null,
8 verbose parsed url   pathname: '1.2.16',
8 verbose parsed url   path: '1.2.16',
8 verbose parsed url   href: '1.2.16' }
9 verbose addNamed [ 'angular', '1.2.16' ]
10 verbose addNamed [ '1.2.16', '1.2.16' ]
11 silly lockFile fdd35bae-angular-1-2-16 angular@1.2.16
12 verbose lock angular@1.2.16 /home/wli/.npm/fdd35bae-angular-1-2-16.lock
13 verbose url raw angular/1.2.16
14 verbose url resolving [ 'https://registry.npmjs.org/', './angular/1.2.16' ]
15 verbose url resolved https://registry.npmjs.org/angular/1.2.16
16 info trying registry request attempt 1 at 03:00:03
17 verbose etag "5E1OATDWXBANHT17JFN6SFT7P"
18 http GET https://registry.npmjs.org/angular/1.2.16
19 http 304 https://registry.npmjs.org/angular/1.2.16
20 silly registry.get cb [ 304,
20 silly registry.get   { date: 'Fri, 23 Jan 2015 11:00:02 GMT',
20 silly registry.get     server: 'Apache',
20 silly registry.get     via: '1.1 varnish',
20 silly registry.get     'last-modified': 'Fri, 23 Jan 2015 11:00:02 GMT',
20 silly registry.get     'cache-control': 'max-age=60',
20 silly registry.get     etag: '"5E1OATDWXBANHT17JFN6SFT7P"',
20 silly registry.get     age: '46',
20 silly registry.get     'x-served-by': 'cache-sjc3129-SJC',
20 silly registry.get     'x-cache': 'HIT',
20 silly registry.get     'x-cache-hits': '1',
20 silly registry.get     'x-timer': 'S1422010802.950131,VS0,VE0',
20 silly registry.get     vary: 'Accept',
20 silly registry.get     'content-length': '0',
20 silly registry.get     'keep-alive': 'timeout=10, max=50',
20 silly registry.get     connection: 'Keep-Alive' } ]
21 verbose etag angular/1.2.16 from cache
22 silly lockFile 9d4c69de-s-org-angular-angular-1-2-16-tgz https://registry.npmjs.org/angular/-/angular-1.2.16.tgz
23 verbose lock https://registry.npmjs.org/angular/-/angular-1.2.16.tgz /home/wli/.npm/9d4c69de-s-org-angular-angular-1-2-16-tgz.lock
24 verbose addRemoteTarball [ 'https://registry.npmjs.org/angular/-/angular-1.2.16.tgz',
24 verbose addRemoteTarball   '22dfa99f5a489f56e22680308fddbb06502fc343' ]
25 silly lockFile 9d4c69de-s-org-angular-angular-1-2-16-tgz https://registry.npmjs.org/angular/-/angular-1.2.16.tgz
26 silly lockFile 9d4c69de-s-org-angular-angular-1-2-16-tgz https://registry.npmjs.org/angular/-/angular-1.2.16.tgz
27 silly lockFile fdd35bae-angular-1-2-16 angular@1.2.16
28 silly lockFile fdd35bae-angular-1-2-16 angular@1.2.16
29 error Error: EACCES, mkdir '/home/wli/tmp/npm-16854-xLPu-S3K'
29 error  { [Error: EACCES, mkdir '/home/wli/tmp/npm-16854-xLPu-S3K']
29 error   errno: 3,
29 error   code: 'EACCES',
29 error   path: '/home/wli/tmp/npm-16854-xLPu-S3K' }
30 error Please try running this command again as root/Administrator.
31 error System Linux 3.13.0-35-generic
32 error command "/usr/bin/nodejs" "/usr/bin/npm" "install" "angular@1.2.16"
33 error cwd /home/wli/git/IMServer
34 error node -v v0.10.25
35 error npm -v 1.3.10
36 error path /home/wli/tmp/npm-16854-xLPu-S3K
37 error code EACCES
38 error errno 3
39 error stack Error: EACCES, mkdir '/home/wli/tmp/npm-16854-xLPu-S3K'
40 verbose exit [ 3, true ]
